  global.cpp
D:\opencv3.2\opencv\build\include\opencv2/core/mat.hpp(2586): warning C4819: 该文件包含不能在当前代码页(936)中表示的字符。请将该文件保存为 Unicode 格式以防止数据丢失
D:\opencv3.2\opencv\build\include\opencv2/core/persistence.hpp : warning C4819: 该文件包含不能在当前代码页(936)中表示的字符。请将该文件保存为 Unicode 格式以防止数据丢失
D:\opencv3.2\opencv\build\include\opencv2/core/utility.hpp : warning C4819: 该文件包含不能在当前代码页(936)中表示的字符。请将该文件保存为 Unicode 格式以防止数据丢失
D:\opencv3.2\opencv\build\include\opencv2/core/utility.hpp : warning C4819: 该文件包含不能在当前代码页(936)中表示的字符。请将该文件保存为 Unicode 格式以防止数据丢失
D:\opencv3.2\opencv\build\include\opencv2/imgproc.hpp(592): warning C4819: 该文件包含不能在当前代码页(936)中表示的字符。请将该文件保存为 Unicode 格式以防止数据丢失
d:\github\glovecontrolopenglhand\glovecontrollopenglhand\CParticle.h(18): warning C4244: “=”: 从“double”转换到“float”，可能丢失数据
d:\github\glovecontrolopenglhand\glovecontrollopenglhand\Projection.h(92): warning C4244: “=”: 从“double”转换到“int”，可能丢失数据
d:\github\glovecontrolopenglhand\glovecontrollopenglhand\Projection.h(93): warning C4244: “=”: 从“double”转换到“int”，可能丢失数据
d:\github\glovecontrolopenglhand\glovecontrollopenglhand\Projection.h(94): warning C4244: “=”: 从“double”转换到“int”，可能丢失数据
d:\github\glovecontrolopenglhand\glovecontrollopenglhand\Projection.h(181): warning C4018: “<”: 有符号/无符号不匹配
d:\github\glovecontrolopenglhand\glovecontrollopenglhand\Projection.h(192): warning C4018: “<”: 有符号/无符号不匹配
global.cpp(19): warning C4244: “初始化”: 从“int”转换到“float”，可能丢失数据
d:\opencv3.2\opencv\build\include\opencv2\core\cvstd.hpp(596): warning C4793: “cv::String::String”: 编译为本机的函数:
  	托管代码中发现一个不受支持的内部函数
d:\opencv3.2\opencv\build\include\opencv2\core\cuda.inl.hpp(105): warning C4793: “cv::cuda::GpuMat::GpuMat”: 编译为本机的函数:
  	托管代码中发现一个不受支持的内部函数
d:\opencv3.2\opencv\build\include\opencv2\core\cuda.inl.hpp(395): warning C4793: “cv::cuda::HostMem::HostMem”: 编译为本机的函数:
  	托管代码中发现一个不受支持的内部函数
d:\opencv3.2\opencv\build\include\opencv2\core\mat.inl.hpp(413): warning C4793: “cv::Mat::Mat”: 编译为本机的函数:
  	托管代码中发现一个不受支持的内部函数
d:\opencv3.2\opencv\build\include\opencv2\core\mat.inl.hpp(703): warning C4793: “cv::Mat::release”: 编译为本机的函数:
  	托管代码中发现一个不受支持的内部函数
d:\opencv3.2\opencv\build\include\opencv2\core\mat.inl.hpp(1929): warning C4793: “cv::SparseMat::addref”: 编译为本机的函数:
  	托管代码中发现一个不受支持的内部函数
d:\opencv3.2\opencv\build\include\opencv2\core\mat.inl.hpp(3530): warning C4793: “cv::UMat::addref”: 编译为本机的函数:
  	托管代码中发现一个不受支持的内部函数
d:\opencv3.2\opencv\build\include\opencv2\core\ptr.inl.hpp(67): warning C4793: “cv::detail::PtrOwner::incRef”: 编译为本机的函数:
  	托管代码中发现一个不受支持的内部函数
d:\opencv3.2\opencv\build\include\opencv2\core\ptr.inl.hpp(72): warning C4793: “cv::detail::PtrOwner::decRef”: 编译为本机的函数:
  	托管代码中发现一个不受支持的内部函数
d:\eigen\eigen\src\core\arch\sse\packetmath.h(180): warning C4793: “Eigen::internal::pset1<__m128i>”: 编译为本机的函数:
  	托管代码中发现一个不受支持的内部函数
d:\eigen\eigen\src\core\arch\sse\packetmath.h(179): warning C4793: “Eigen::internal::pset1<__m128d>”: 编译为本机的函数:
  	托管代码中发现一个不受支持的内部函数
d:\opencv3.2\opencv\build\include\opencv2\core\cvstd.hpp(673): warning C4793: “cv::String::operator=”: 编译为本机的函数:
  	托管代码中发现一个不受支持的内部函数
d:\eigen\eigen\src\core\arch\sse\packetmath.h(360): warning C4793: “Eigen::internal::pstore<int,__m128i>”: 编译为本机的函数:
  	托管代码中发现一个不受支持的内部函数
d:\eigen\eigen\src\core\arch\sse\packetmath.h(359): warning C4793: “Eigen::internal::pstore<double,__m128d>”: 编译为本机的函数:
  	托管代码中发现一个不受支持的内部函数
  LINK : 已指定 /LTCG，但不需要生成代码；从链接命令行中移除 /LTCG 以提高链接器性能
  GloveControllOpenGlHand.vcxproj -> D:\github\GloveControlOpenglHand\Release\GloveControllOpenGlHand.exe
  GloveControllOpenGlHand.vcxproj -> D:\github\GloveControlOpenglHand\Release\GloveControllOpenGlHand.pdb (Full PDB)
